2025-07-02 12:05:19,264 - Epoch: 1 | Cost time: 1489.98s | Avg Loss: 13.6720 | Train Score: 68.08552970710207 | Train Cor: tensor([0.9170, 0.9003, 0.8703, 0.8397, 0.8146, 0.7915, 0.7874, 0.7857, 0.7872,
        0.7994, 0.8103, 0.8169, 0.8280, 0.8369, 0.8436, 0.8425, 0.8347, 0.8138,
        0.7888, 0.7406, 0.7059, 0.6461, 0.5844, 0.5132], device='cuda:1',
       grad_fn=<DivBackward0>) | Val Loss: 12.946527 | Val Score: 65.002504 | Val Cor: tensor([0.9423, 0.9030, 0.8379, 0.7701, 0.7322, 0.7077, 0.6897, 0.6941, 0.7164,
        0.7424, 0.7642, 0.7732, 0.7809, 0.7852, 0.7889, 0.7829, 0.7754, 0.7706,
        0.7594, 0.7434, 0.6948, 0.6511, 0.5859, 0.5043], device='cuda:1')
2025-07-02 12:05:19,335 - If best: True|Best  score: 65.002504
2025-07-02 12:30:56,040 - Epoch: 2 | Cost time: 1536.51s | Avg Loss: 12.0715 | Train Score: 75.04640200328711 | Train Cor: tensor([0.9611, 0.9468, 0.9152, 0.8863, 0.8629, 0.8453, 0.8351, 0.8304, 0.8305,
        0.8330, 0.8421, 0.8511, 0.8593, 0.8667, 0.8739, 0.8768, 0.8713, 0.8583,
        0.8412, 0.8113, 0.7676, 0.7135, 0.6490, 0.5750], device='cuda:1',
       grad_fn=<DivBackward0>) | Val Loss: 12.303573 | Val Score: 67.903380 | Val Cor: tensor([0.9566, 0.9160, 0.8564, 0.7920, 0.7576, 0.7478, 0.7317, 0.7405, 0.7452,
        0.7588, 0.7804, 0.7827, 0.7955, 0.8062, 0.8144, 0.8076, 0.8008, 0.7872,
        0.7752, 0.7497, 0.7214, 0.6749, 0.6053, 0.5192], device='cuda:1')
2025-07-02 12:30:56,159 - If best: True|Best  score: 67.903380
2025-07-02 12:57:23,360 - Epoch: 3 | Cost time: 1586.59s | Avg Loss: 11.5649 | Train Score: 76.97088327930749 | Train Cor: tensor([0.9732, 0.9592, 0.9279, 0.8998, 0.8754, 0.8573, 0.8465, 0.8421, 0.8415,
        0.8457, 0.8537, 0.8618, 0.8712, 0.8792, 0.8869, 0.8897, 0.8848, 0.8726,
        0.8521, 0.8251, 0.7839, 0.7284, 0.6618, 0.5880], device='cuda:1',
       grad_fn=<DivBackward0>) | Val Loss: 11.817890 | Val Score: 70.078432 | Val Cor: tensor([0.9715, 0.9359, 0.8784, 0.8176, 0.7834, 0.7608, 0.7488, 0.7574, 0.7595,
        0.7668, 0.7886, 0.7945, 0.8067, 0.8129, 0.8200, 0.8169, 0.8161, 0.8060,
        0.7946, 0.7706, 0.7388, 0.6857, 0.6224, 0.5458], device='cuda:1')
2025-07-02 12:57:23,478 - If best: True|Best  score: 70.078432
